Using pre-set license
Built from '2020.3/staging' branch; Version is '2020.3.0f1 (c7b5465681fb) revision 13088070'; Using compiler version '192528614'; Build Type 'Release'
OS: 'Windows 10 Home Single Language; OS build 19043.964; Version 2009; 64bit' Language: 'ru' Physical Memory: 16225 MB
BatchMode: 1, IsHumanControllingUs: 0, StartBugReporterOnCrash: 0, Is64bit: 1, IsPro: 0

 COMMAND LINE ARGUMENTS:
C:\Program Files\Unity\Hub\Editor\2020.3.0f1\Editor\Unity.exe
-adb2
-batchMode
-noUpm
-name
AssetImportWorker1
-projectPath
C:/Projects/SapienGame/Sapien
-logFile
Logs/AssetImportWorker1.log
-srvPort
50856
Successfully changed project path to: C:/Projects/SapienGame/Sapien
C:/Projects/SapienGame/Sapien
Using Asset Import Pipeline V2.
Refreshing native plugins compatible for Editor in 539.44 ms, found 0 plugins.
Preloading 0 native plugins for Editor in 0.00 ms.
Initialize engine version: 2020.3.0f1 (c7b5465681fb)
[Subsystems] Discovering subsystems at path C:/Program Files/Unity/Hub/Editor/2020.3.0f1/Editor/Data/Resources/UnitySubsystems
[Subsystems] Discovering subsystems at path C:/Projects/SapienGame/Sapien/Assets
GfxDevice: creating device client; threaded=0
Direct3D:
    Version:  Direct3D 11.0 [level 11.1]
    Renderer: NVIDIA GeForce GTX 1060 6GB (ID=0x1c03)
    Vendor:   
    VRAM:     6052 MB
    Driver:   30.0.14.7141
Shader 'Universal Render Pipeline/Particles/Lit': fallback shader 'Universal Render Pipeline/Particles/SimpleLit' not found
Initialize mono
Mono path[0] = 'C:/Program Files/Unity/Hub/Editor/2020.3.0f1/Editor/Data/Managed'
Mono path[1] = 'C:/Program Files/Unity/Hub/Editor/2020.3.0f1/Editor/Data/MonoBleedingEdge/lib/mono/unityjit'
Mono config path = 'C:/Program Files/Unity/Hub/Editor/2020.3.0f1/Editor/Data/MonoBleedingEdge/etc'
Using monoOptions --debugger-agent=transport=dt_socket,embedding=1,server=y,suspend=n,address=127.0.0.1:56168
Begin MonoManager ReloadAssembly
Registering precompiled unity dll's ...
Register platform support module: C:/Program Files/Unity/Hub/Editor/2020.3.0f1/Editor/Data/PlaybackEngines/MacStandaloneSupport/UnityEditor.OSXStandalone.Extensions.dll
Register platform support module: C:/Program Files/Unity/Hub/Editor/2020.3.0f1/Editor/Data/PlaybackEngines/WindowsStandaloneSupport/UnityEditor.WindowsStandalone.Extensions.dll
Registered in 0.003298 seconds.
Native extension for WindowsStandalone target not found
Native extension for OSXStandalone target not found
Refreshing native plugins compatible for Editor in 543.29 ms, found 0 plugins.
Preloading 0 native plugins for Editor in 0.00 ms.
Invoked RoslynAnalysisRunner static constructor.
RoslynAnalysisRunner will not be running.
RoslynAnalysisRunner has terminated.
Mono: successfully reloaded assembly
- Completed reload, in  6.090 seconds
Platform modules already initialized, skipping
Registering precompiled user dll's ...
Registered in 0.008378 seconds.
Begin MonoManager ReloadAssembly
Native extension for WindowsStandalone target not found
Native extension for OSXStandalone target not found
Refreshing native plugins compatible for Editor in 625.12 ms, found 0 plugins.
Preloading 0 native plugins for Editor in 0.00 ms.
Invoked RoslynAnalysisRunner static constructor.
RoslynAnalysisRunner will not be running.
RoslynAnalysisRunner has terminated.
Mono: successfully reloaded assembly
- Completed reload, in  2.280 seconds
Platform modules already initialized, skipping
========================================================================
Worker process is ready to serve import requests
Shader 'Universal Render Pipeline/Particles/Lit': fallback shader 'Universal Render Pipeline/Particles/SimpleLit' not found
Launched and connected shader compiler UnityShaderCompiler.exe after 0.06 seconds
Refreshing native plugins compatible for Editor in 6.24 ms, found 0 plugins.
Preloading 0 native plugins for Editor in 0.00 ms.
Unloading 2825 Unused Serialized files (Serialized files now loaded: 0)
System memory in use before: 177.6 MB.
System memory in use after: 177.8 MB.

Unloading 13 unused Assets to reduce memory usage. Loaded Objects now: 3276.
Total: 3.903500 ms (FindLiveObjects: 0.614600 ms CreateObjectMapping: 0.258400 ms MarkObjects: 2.893700 ms  DeleteObjects: 0.135000 ms)

========================================================================
Received Import Request.
  path: Assets/IMAGES ARCHIVE/Timer
  artifactKey: Guid(0436c03cab2886246b675b36c027e875) Importer(815301076,1909f56bfc062723c751e8b465ee728b)
Start importing Assets/IMAGES ARCHIVE/Timer using Guid(0436c03cab2886246b675b36c027e875) Importer(815301076,1909f56bfc062723c751e8b465ee728b)  -> (artifact id: '6b84306bc1f057b365e20ce8382618e7') in 0.008783 seconds
  Import took 0.021081 seconds .

========================================================================
Received Import Request.
  Time since last request: 2.382084 seconds.
  path: Assets/IMAGES ARCHIVE/Timer/Glass.png
  artifactKey: Guid(2ed7208c41ff3124bb2df14b69f142d1) Importer(815301076,1909f56bfc062723c751e8b465ee728b)
Start importing Assets/IMAGES ARCHIVE/Timer/Glass.png using Guid(2ed7208c41ff3124bb2df14b69f142d1) Importer(815301076,1909f56bfc062723c751e8b465ee728b)  -> (artifact id: '81fcf936a61034d3660216f19495ccfa') in 0.082774 seconds
  Import took 0.093405 seconds .

========================================================================
Received Import Request.
  Time since last request: 0.808227 seconds.
  path: Assets/IMAGES ARCHIVE/Timer/3Static.png
  artifactKey: Guid(2661ae1a6da96f746ba8d5dd80250c1e) Importer(815301076,1909f56bfc062723c751e8b465ee728b)
Start importing Assets/IMAGES ARCHIVE/Timer/3Static.png using Guid(2661ae1a6da96f746ba8d5dd80250c1e) Importer(815301076,1909f56bfc062723c751e8b465ee728b)  -> (artifact id: 'bfd0655837015d006c4e4accce6d60b6') in 0.008271 seconds
  Import took 0.019591 seconds .

========================================================================
Received Import Request.
  Time since last request: 3.675375 seconds.
  path: Assets/IMAGES ARCHIVE/Timer/3Static.png
  artifactKey: Guid(2661ae1a6da96f746ba8d5dd80250c1e) Importer(815301076,1909f56bfc062723c751e8b465ee728b)
Start importing Assets/IMAGES ARCHIVE/Timer/3Static.png using Guid(2661ae1a6da96f746ba8d5dd80250c1e) Importer(815301076,1909f56bfc062723c751e8b465ee728b)  -> (artifact id: 'c04aa42113c68abf310a9002e87cb953') in 0.067983 seconds
  Import took 0.079136 seconds .

========================================================================
Received Import Request.
  Time since last request: 1.820450 seconds.
  path: Assets/IMAGES ARCHIVE/Timer/Glass.png
  artifactKey: Guid(2ed7208c41ff3124bb2df14b69f142d1) Importer(815301076,1909f56bfc062723c751e8b465ee728b)
Start importing Assets/IMAGES ARCHIVE/Timer/Glass.png using Guid(2ed7208c41ff3124bb2df14b69f142d1) Importer(815301076,1909f56bfc062723c751e8b465ee728b)  -> (artifact id: 'e9f4b20a9a8150055ad6bf05a1b3ee35') in 0.011301 seconds
  Import took 0.022306 seconds .

========================================================================
Received Import Request.
  Time since last request: 0.003432 seconds.
  path: Assets/IMAGES ARCHIVE/Timer/Glass.png
  artifactKey: Guid(2ed7208c41ff3124bb2df14b69f142d1) Importer(815301076,1909f56bfc062723c751e8b465ee728b)
Start importing Assets/IMAGES ARCHIVE/Timer/Glass.png using Guid(2ed7208c41ff3124bb2df14b69f142d1) Importer(815301076,1909f56bfc062723c751e8b465ee728b)  -> (artifact id: 'e9f4b20a9a8150055ad6bf05a1b3ee35') in 0.009950 seconds
  Import took 0.020590 seconds .

========================================================================
Received Import Request.
  Time since last request: 0.340359 seconds.
  path: Assets/IMAGES ARCHIVE/Timer/BG.png
  artifactKey: Guid(7e25565fabada7544903bfed6dc08b6c) Importer(815301076,1909f56bfc062723c751e8b465ee728b)
Start importing Assets/IMAGES ARCHIVE/Timer/BG.png using Guid(7e25565fabada7544903bfed6dc08b6c) Importer(815301076,1909f56bfc062723c751e8b465ee728b)  -> (artifact id: '00a00b4161cc81b10b1c86cf45544142') in 0.011145 seconds
  Import took 0.023082 seconds .

========================================================================
Received Import Request.
  Time since last request: 41.291297 seconds.
  path: Assets/IMAGES ARCHIVE/Timer/0Dynamic.png
  artifactKey: Guid(d434049afee1a4e4d8fc7315e549d644) Importer(815301076,1909f56bfc062723c751e8b465ee728b)
Start importing Assets/IMAGES ARCHIVE/Timer/0Dynamic.png using Guid(d434049afee1a4e4d8fc7315e549d644) Importer(815301076,1909f56bfc062723c751e8b465ee728b)  -> (artifact id: '861922e4ca4a5d669f69a894b6171137') in 0.010141 seconds
  Import took 0.021177 seconds .

========================================================================
Received Import Request.
  Time since last request: 0.000264 seconds.
  path: Assets/IMAGES ARCHIVE/Timer/1Static.png
  artifactKey: Guid(4fbc135fbf203284490009c711b3d187) Importer(815301076,1909f56bfc062723c751e8b465ee728b)
Start importing Assets/IMAGES ARCHIVE/Timer/1Static.png using Guid(4fbc135fbf203284490009c711b3d187) Importer(815301076,1909f56bfc062723c751e8b465ee728b)  -> (artifact id: 'a4c5e5539ffd02f6d8a9e0f7cc9a942a') in 0.013004 seconds
  Import took 0.023166 seconds .

========================================================================
Received Import Request.
  Time since last request: 0.000273 seconds.
  path: Assets/IMAGES ARCHIVE/Timer/0Static.png
  artifactKey: Guid(10af11371365c524789862a06af327b0) Importer(815301076,1909f56bfc062723c751e8b465ee728b)
Start importing Assets/IMAGES ARCHIVE/Timer/0Static.png using Guid(10af11371365c524789862a06af327b0) Importer(815301076,1909f56bfc062723c751e8b465ee728b)  -> (artifact id: '983625211e2c9f750ad9884561290ef6') in 0.010334 seconds
  Import took 0.020093 seconds .

========================================================================
Received Import Request.
  Time since last request: 0.000282 seconds.
  path: Assets/IMAGES ARCHIVE/Timer/1Dynamic.png
  artifactKey: Guid(79b8270309e066943bcddcd885087d67) Importer(815301076,1909f56bfc062723c751e8b465ee728b)
Start importing Assets/IMAGES ARCHIVE/Timer/1Dynamic.png using Guid(79b8270309e066943bcddcd885087d67) Importer(815301076,1909f56bfc062723c751e8b465ee728b)  -> (artifact id: '55ebffba86a4ed6c8f6d7384248387bb') in 0.009579 seconds
  Import took 0.021163 seconds .

========================================================================
Received Prepare
Registering precompiled user dll's ...
Registered in 0.008146 seconds.
Begin MonoManager ReloadAssembly
Native extension for WindowsStandalone target not found
Native extension for OSXStandalone target not found
Refreshing native plugins compatible for Editor in 6.05 ms, found 0 plugins.
Preloading 0 native plugins for Editor in 0.00 ms.
Invoked RoslynAnalysisRunner static constructor.
RoslynAnalysisRunner will not be running.
RoslynAnalysisRunner has terminated.
Mono: successfully reloaded assembly
- Completed reload, in  1.536 seconds
Platform modules already initialized, skipping
Shader 'Universal Render Pipeline/Particles/Lit': fallback shader 'Universal Render Pipeline/Particles/SimpleLit' not found
Refreshing native plugins compatible for Editor in 6.29 ms, found 0 plugins.
Preloading 0 native plugins for Editor in 0.00 ms.
Unloading 2586 Unused Serialized files (Serialized files now loaded: 0)
System memory in use before: 164.5 MB.
System memory in use after: 164.7 MB.

Unloading 8 unused Assets to reduce memory usage. Loaded Objects now: 3295.
Total: 3.705400 ms (FindLiveObjects: 0.480300 ms CreateObjectMapping: 0.218400 ms MarkObjects: 2.969800 ms  DeleteObjects: 0.035200 ms)

========================================================================
Received Prepare
Registering precompiled user dll's ...
Registered in 0.008372 seconds.
Begin MonoManager ReloadAssembly
Native extension for WindowsStandalone target not found
Native extension for OSXStandalone target not found
Refreshing native plugins compatible for Editor in 6.36 ms, found 0 plugins.
Preloading 0 native plugins for Editor in 0.00 ms.
Invoked RoslynAnalysisRunner static constructor.
RoslynAnalysisRunner will not be running.
RoslynAnalysisRunner has terminated.
Mono: successfully reloaded assembly
- Completed reload, in  1.562 seconds
Platform modules already initialized, skipping
Shader 'Universal Render Pipeline/Particles/Lit': fallback shader 'Universal Render Pipeline/Particles/SimpleLit' not found
Refreshing native plugins compatible for Editor in 6.27 ms, found 0 plugins.
Preloading 0 native plugins for Editor in 0.00 ms.
Unloading 2586 Unused Serialized files (Serialized files now loaded: 0)
System memory in use before: 164.5 MB.
System memory in use after: 164.7 MB.

Unloading 8 unused Assets to reduce memory usage. Loaded Objects now: 3298.
Total: 3.903800 ms (FindLiveObjects: 0.536300 ms CreateObjectMapping: 0.225900 ms MarkObjects: 3.109500 ms  DeleteObjects: 0.029800 ms)

========================================================================
Received Prepare
Registering precompiled user dll's ...
Registered in 0.008115 seconds.
Begin MonoManager ReloadAssembly
Native extension for WindowsStandalone target not found
Native extension for OSXStandalone target not found
Refreshing native plugins compatible for Editor in 6.29 ms, found 0 plugins.
Preloading 0 native plugins for Editor in 0.00 ms.
Invoked RoslynAnalysisRunner static constructor.
RoslynAnalysisRunner will not be running.
RoslynAnalysisRunner has terminated.
Mono: successfully reloaded assembly
- Completed reload, in  1.520 seconds
Platform modules already initialized, skipping
Shader 'Universal Render Pipeline/Particles/Lit': fallback shader 'Universal Render Pipeline/Particles/SimpleLit' not found
Refreshing native plugins compatible for Editor in 6.27 ms, found 0 plugins.
Preloading 0 native plugins for Editor in 0.00 ms.
Unloading 2586 Unused Serialized files (Serialized files now loaded: 0)
System memory in use before: 164.5 MB.
System memory in use after: 164.8 MB.

Unloading 8 unused Assets to reduce memory usage. Loaded Objects now: 3301.
Total: 4.006900 ms (FindLiveObjects: 0.492700 ms CreateObjectMapping: 0.228800 ms MarkObjects: 3.251800 ms  DeleteObjects: 0.032300 ms)

========================================================================
Received Prepare
Registering precompiled user dll's ...
Registered in 0.025741 seconds.
Begin MonoManager ReloadAssembly
Native extension for WindowsStandalone target not found
Native extension for OSXStandalone target not found
Refreshing native plugins compatible for Editor in 6.68 ms, found 0 plugins.
Preloading 0 native plugins for Editor in 0.00 ms.
Invoked RoslynAnalysisRunner static constructor.
RoslynAnalysisRunner will not be running.
RoslynAnalysisRunner has terminated.
Mono: successfully reloaded assembly
- Completed reload, in  1.578 seconds
Platform modules already initialized, skipping
Shader 'Universal Render Pipeline/Particles/Lit': fallback shader 'Universal Render Pipeline/Particles/SimpleLit' not found
Refreshing native plugins compatible for Editor in 6.36 ms, found 0 plugins.
Preloading 0 native plugins for Editor in 0.00 ms.
Unloading 2586 Unused Serialized files (Serialized files now loaded: 0)
System memory in use before: 164.6 MB.
System memory in use after: 164.8 MB.

Unloading 8 unused Assets to reduce memory usage. Loaded Objects now: 3304.
Total: 3.728800 ms (FindLiveObjects: 0.452300 ms CreateObjectMapping: 0.224600 ms MarkObjects: 3.015800 ms  DeleteObjects: 0.034100 ms)

========================================================================
Received Prepare
Registering precompiled user dll's ...
Registered in 0.013402 seconds.
Begin MonoManager ReloadAssembly
Native extension for WindowsStandalone target not found
Native extension for OSXStandalone target not found
Refreshing native plugins compatible for Editor in 6.45 ms, found 0 plugins.
Preloading 0 native plugins for Editor in 0.00 ms.
Invoked RoslynAnalysisRunner static constructor.
RoslynAnalysisRunner will not be running.
RoslynAnalysisRunner has terminated.
Mono: successfully reloaded assembly
- Completed reload, in  1.527 seconds
Platform modules already initialized, skipping
Shader 'Universal Render Pipeline/Particles/Lit': fallback shader 'Universal Render Pipeline/Particles/SimpleLit' not found
Refreshing native plugins compatible for Editor in 6.72 ms, found 0 plugins.
Preloading 0 native plugins for Editor in 0.00 ms.
Unloading 2586 Unused Serialized files (Serialized files now loaded: 0)
System memory in use before: 164.6 MB.
System memory in use after: 164.8 MB.

Unloading 8 unused Assets to reduce memory usage. Loaded Objects now: 3307.
Total: 4.841200 ms (FindLiveObjects: 0.467600 ms CreateObjectMapping: 0.224000 ms MarkObjects: 4.113200 ms  DeleteObjects: 0.034700 ms)

========================================================================
Received Prepare
Registering precompiled user dll's ...
Registered in 0.007850 seconds.
Begin MonoManager ReloadAssembly
Native extension for WindowsStandalone target not found
Native extension for OSXStandalone target not found
Refreshing native plugins compatible for Editor in 6.52 ms, found 0 plugins.
Preloading 0 native plugins for Editor in 0.00 ms.
Invoked RoslynAnalysisRunner static constructor.
RoslynAnalysisRunner will not be running.
RoslynAnalysisRunner has terminated.
Mono: successfully reloaded assembly
- Completed reload, in  1.577 seconds
Platform modules already initialized, skipping
Shader 'Universal Render Pipeline/Particles/Lit': fallback shader 'Universal Render Pipeline/Particles/SimpleLit' not found
Refreshing native plugins compatible for Editor in 6.42 ms, found 0 plugins.
Preloading 0 native plugins for Editor in 0.00 ms.
Unloading 2586 Unused Serialized files (Serialized files now loaded: 0)
System memory in use before: 164.6 MB.
System memory in use after: 164.8 MB.

Unloading 8 unused Assets to reduce memory usage. Loaded Objects now: 3310.
Total: 3.699800 ms (FindLiveObjects: 0.478100 ms CreateObjectMapping: 0.233800 ms MarkObjects: 2.953100 ms  DeleteObjects: 0.033100 ms)

========================================================================
Received Prepare
Registering precompiled user dll's ...
Registered in 0.007213 seconds.
Begin MonoManager ReloadAssembly
Native extension for WindowsStandalone target not found
Native extension for OSXStandalone target not found
Refreshing native plugins compatible for Editor in 6.47 ms, found 0 plugins.
Preloading 0 native plugins for Editor in 0.00 ms.
Invoked RoslynAnalysisRunner static constructor.
RoslynAnalysisRunner will not be running.
RoslynAnalysisRunner has terminated.
Mono: successfully reloaded assembly
- Completed reload, in  1.438 seconds
Platform modules already initialized, skipping
Shader 'Universal Render Pipeline/Particles/Lit': fallback shader 'Universal Render Pipeline/Particles/SimpleLit' not found
Refreshing native plugins compatible for Editor in 6.36 ms, found 0 plugins.
Preloading 0 native plugins for Editor in 0.00 ms.
Unloading 2586 Unused Serialized files (Serialized files now loaded: 0)
System memory in use before: 164.6 MB.
System memory in use after: 164.8 MB.

Unloading 8 unused Assets to reduce memory usage. Loaded Objects now: 3313.
Total: 3.600600 ms (FindLiveObjects: 0.377100 ms CreateObjectMapping: 0.224400 ms MarkObjects: 2.967500 ms  DeleteObjects: 0.029900 ms)

========================================================================
Received Prepare
Registering precompiled user dll's ...
Registered in 0.008533 seconds.
Begin MonoManager ReloadAssembly
Native extension for WindowsStandalone target not found
Native extension for OSXStandalone target not found
Refreshing native plugins compatible for Editor in 6.63 ms, found 0 plugins.
Preloading 0 native plugins for Editor in 0.00 ms.
Invoked RoslynAnalysisRunner static constructor.
RoslynAnalysisRunner will not be running.
RoslynAnalysisRunner has terminated.
Mono: successfully reloaded assembly
- Completed reload, in  1.450 seconds
Platform modules already initialized, skipping
Shader 'Universal Render Pipeline/Particles/Lit': fallback shader 'Universal Render Pipeline/Particles/SimpleLit' not found
Refreshing native plugins compatible for Editor in 6.74 ms, found 0 plugins.
Preloading 0 native plugins for Editor in 0.00 ms.
Unloading 2586 Unused Serialized files (Serialized files now loaded: 0)
System memory in use before: 164.6 MB.
System memory in use after: 164.8 MB.

Unloading 8 unused Assets to reduce memory usage. Loaded Objects now: 3316.
Total: 5.707200 ms (FindLiveObjects: 0.438500 ms CreateObjectMapping: 0.213900 ms MarkObjects: 5.020900 ms  DeleteObjects: 0.032300 ms)

========================================================================
Received Prepare
Registering precompiled user dll's ...
Registered in 0.007474 seconds.
Begin MonoManager ReloadAssembly
Native extension for WindowsStandalone target not found
Native extension for OSXStandalone target not found
Refreshing native plugins compatible for Editor in 6.38 ms, found 0 plugins.
Preloading 0 native plugins for Editor in 0.00 ms.
Invoked RoslynAnalysisRunner static constructor.
RoslynAnalysisRunner will not be running.
RoslynAnalysisRunner has terminated.
Mono: successfully reloaded assembly
- Completed reload, in  1.478 seconds
Platform modules already initialized, skipping
Shader 'Universal Render Pipeline/Particles/Lit': fallback shader 'Universal Render Pipeline/Particles/SimpleLit' not found
Refreshing native plugins compatible for Editor in 6.52 ms, found 0 plugins.
Preloading 0 native plugins for Editor in 0.00 ms.
Unloading 2586 Unused Serialized files (Serialized files now loaded: 0)
System memory in use before: 164.6 MB.
System memory in use after: 164.8 MB.

Unloading 8 unused Assets to reduce memory usage. Loaded Objects now: 3319.
Total: 4.037600 ms (FindLiveObjects: 0.627500 ms CreateObjectMapping: 0.295600 ms MarkObjects: 3.086400 ms  DeleteObjects: 0.025800 ms)

========================================================================
Received Import Request.
  Time since last request: 1112.836283 seconds.
  path: Assets/IMAGES ARCHIVE/Timer/2Dynamic.png
  artifactKey: Guid(e54078d40d35ba04eb8df1a6f3948612) Importer(815301076,1909f56bfc062723c751e8b465ee728b)
Start importing Assets/IMAGES ARCHIVE/Timer/2Dynamic.png using Guid(e54078d40d35ba04eb8df1a6f3948612) Importer(815301076,1909f56bfc062723c751e8b465ee728b)  -> (artifact id: 'ad2f142e9793a7bdf31e7ccf7805d51b') in 0.075150 seconds
  Import took 0.090533 seconds .

========================================================================
Received Import Request.
  Time since last request: 0.000300 seconds.
  path: Assets/IMAGES ARCHIVE/Timer/7Dynamic.png
  artifactKey: Guid(ab9879213d603294fb42a867eeca5f69) Importer(815301076,1909f56bfc062723c751e8b465ee728b)
Start importing Assets/IMAGES ARCHIVE/Timer/7Dynamic.png using Guid(ab9879213d603294fb42a867eeca5f69) Importer(815301076,1909f56bfc062723c751e8b465ee728b)  -> (artifact id: '02d2029bbb3f9e49409abee620e0f1d7') in 0.009054 seconds
  Import took 0.019681 seconds .

========================================================================
Received Import Request.
  Time since last request: 0.000298 seconds.
  path: Assets/IMAGES ARCHIVE/Timer/4Dynamic.png
  artifactKey: Guid(bf7c3b76ce7cbfb4cb94c3c68e2b9bd3) Importer(815301076,1909f56bfc062723c751e8b465ee728b)
Start importing Assets/IMAGES ARCHIVE/Timer/4Dynamic.png using Guid(bf7c3b76ce7cbfb4cb94c3c68e2b9bd3) Importer(815301076,1909f56bfc062723c751e8b465ee728b)  -> (artifact id: '84dafd4cfebaec6ceea8edd2695e67f7') in 0.009724 seconds
  Import took 0.020017 seconds .

========================================================================
Received Import Request.
  Time since last request: 0.000284 seconds.
  path: Assets/IMAGES ARCHIVE/Timer/6Dynamic.png
  artifactKey: Guid(348207081e60a8b45918c27841eef617) Importer(815301076,1909f56bfc062723c751e8b465ee728b)
Start importing Assets/IMAGES ARCHIVE/Timer/6Dynamic.png using Guid(348207081e60a8b45918c27841eef617) Importer(815301076,1909f56bfc062723c751e8b465ee728b)  -> (artifact id: 'd14245309e928c0705412d57c02c20ff') in 0.009298 seconds
  Import took 0.019151 seconds .

========================================================================
Received Import Request.
  Time since last request: 0.000272 seconds.
  path: Assets/IMAGES ARCHIVE/Timer/2Dynamic.png
  artifactKey: Guid(e54078d40d35ba04eb8df1a6f3948612) Importer(815301076,1909f56bfc062723c751e8b465ee728b)
Start importing Assets/IMAGES ARCHIVE/Timer/2Dynamic.png using Guid(e54078d40d35ba04eb8df1a6f3948612) Importer(815301076,1909f56bfc062723c751e8b465ee728b)  -> (artifact id: 'ad2f142e9793a7bdf31e7ccf7805d51b') in 0.008654 seconds
  Import took 0.017770 seconds .

========================================================================
Received Import Request.
  Time since last request: 0.000297 seconds.
  path: Assets/IMAGES ARCHIVE/Timer/5Dynamic.png
  artifactKey: Guid(b799c8826cd992447b376ddd2a685590) Importer(815301076,1909f56bfc062723c751e8b465ee728b)
Start importing Assets/IMAGES ARCHIVE/Timer/5Dynamic.png using Guid(b799c8826cd992447b376ddd2a685590) Importer(815301076,1909f56bfc062723c751e8b465ee728b)  -> (artifact id: '5d1544ed3c8cb2878b45eca683147cbe') in 0.010158 seconds
  Import took 0.021334 seconds .

========================================================================
Received Import Request.
  Time since last request: 0.000239 seconds.
  path: Assets/IMAGES ARCHIVE/Timer/3Dynamic.png
  artifactKey: Guid(d30bfe341085a6a46a38dbd724a93f1d) Importer(815301076,1909f56bfc062723c751e8b465ee728b)
Start importing Assets/IMAGES ARCHIVE/Timer/3Dynamic.png using Guid(d30bfe341085a6a46a38dbd724a93f1d) Importer(815301076,1909f56bfc062723c751e8b465ee728b)  -> (artifact id: '97db2ea54bddd01f8fde5bf160e15cf5') in 0.009347 seconds
  Import took 0.020421 seconds .

========================================================================
Received Import Request.
  Time since last request: 0.000318 seconds.
  path: Assets/IMAGES ARCHIVE/Timer/8Dynamic.png
  artifactKey: Guid(0f9eb8f953ca8924b9ec9adc2a4eb744) Importer(815301076,1909f56bfc062723c751e8b465ee728b)
Start importing Assets/IMAGES ARCHIVE/Timer/8Dynamic.png using Guid(0f9eb8f953ca8924b9ec9adc2a4eb744) Importer(815301076,1909f56bfc062723c751e8b465ee728b)  -> (artifact id: '3e4fa7e3a8704c268790eea2a5d200ee') in 0.010016 seconds
  Import took 0.020569 seconds .

========================================================================
Received Import Request.
  Time since last request: 0.000280 seconds.
  path: Assets/IMAGES ARCHIVE/Timer/9Dynamic.png
  artifactKey: Guid(b35cdbc16add73b4fa3904a54f8a65de) Importer(815301076,1909f56bfc062723c751e8b465ee728b)
Start importing Assets/IMAGES ARCHIVE/Timer/9Dynamic.png using Guid(b35cdbc16add73b4fa3904a54f8a65de) Importer(815301076,1909f56bfc062723c751e8b465ee728b)  -> (artifact id: '2f447ee8c4b6d4ad862d3355055c718c') in 0.009428 seconds
  Import took 0.019378 seconds .

========================================================================
Received Prepare
Registering precompiled user dll's ...
Registered in 0.008542 seconds.
Begin MonoManager ReloadAssembly
Native extension for WindowsStandalone target not found
Native extension for OSXStandalone target not found
Refreshing native plugins compatible for Editor in 6.89 ms, found 0 plugins.
Preloading 0 native plugins for Editor in 0.00 ms.
Invoked RoslynAnalysisRunner static constructor.
RoslynAnalysisRunner will not be running.
RoslynAnalysisRunner has terminated.
Mono: successfully reloaded assembly
- Completed reload, in  1.525 seconds
Platform modules already initialized, skipping
Shader 'Universal Render Pipeline/Particles/Lit': fallback shader 'Universal Render Pipeline/Particles/SimpleLit' not found
Refreshing native plugins compatible for Editor in 6.59 ms, found 0 plugins.
Preloading 0 native plugins for Editor in 0.00 ms.
Unloading 2586 Unused Serialized files (Serialized files now loaded: 0)
System memory in use before: 164.7 MB.
System memory in use after: 164.9 MB.

Unloading 8 unused Assets to reduce memory usage. Loaded Objects now: 3325.
Total: 3.753900 ms (FindLiveObjects: 0.397800 ms CreateObjectMapping: 0.228600 ms MarkObjects: 3.100400 ms  DeleteObjects: 0.025200 ms)

========================================================================
Received Prepare
Registering precompiled user dll's ...
Registered in 0.007215 seconds.
Begin MonoManager ReloadAssembly
Native extension for WindowsStandalone target not found
Native extension for OSXStandalone target not found
Refreshing native plugins compatible for Editor in 6.25 ms, found 0 plugins.
Preloading 0 native plugins for Editor in 0.00 ms.
Invoked RoslynAnalysisRunner static constructor.
RoslynAnalysisRunner will not be running.
RoslynAnalysisRunner has terminated.
Mono: successfully reloaded assembly
- Completed reload, in  1.417 seconds
Platform modules already initialized, skipping
Shader 'Universal Render Pipeline/Particles/Lit': fallback shader 'Universal Render Pipeline/Particles/SimpleLit' not found
Refreshing native plugins compatible for Editor in 6.45 ms, found 0 plugins.
Preloading 0 native plugins for Editor in 0.00 ms.
Unloading 2586 Unused Serialized files (Serialized files now loaded: 0)
System memory in use before: 164.7 MB.
System memory in use after: 165.0 MB.

Unloading 8 unused Assets to reduce memory usage. Loaded Objects now: 3328.
Total: 3.768500 ms (FindLiveObjects: 0.397300 ms CreateObjectMapping: 0.230000 ms MarkObjects: 3.110100 ms  DeleteObjects: 0.029600 ms)

========================================================================
Received Prepare
Registering precompiled user dll's ...
Registered in 0.008545 seconds.
Begin MonoManager ReloadAssembly
Native extension for WindowsStandalone target not found
Native extension for OSXStandalone target not found
Refreshing native plugins compatible for Editor in 6.13 ms, found 0 plugins.
Preloading 0 native plugins for Editor in 0.00 ms.
Invoked RoslynAnalysisRunner static constructor.
RoslynAnalysisRunner will not be running.
RoslynAnalysisRunner has terminated.
Mono: successfully reloaded assembly
- Completed reload, in  1.500 seconds
Platform modules already initialized, skipping
Shader 'Universal Render Pipeline/Particles/Lit': fallback shader 'Universal Render Pipeline/Particles/SimpleLit' not found
Refreshing native plugins compatible for Editor in 6.51 ms, found 0 plugins.
Preloading 0 native plugins for Editor in 0.00 ms.
Unloading 2586 Unused Serialized files (Serialized files now loaded: 0)
System memory in use before: 164.7 MB.
System memory in use after: 165.0 MB.

Unloading 8 unused Assets to reduce memory usage. Loaded Objects now: 3331.
Total: 3.984500 ms (FindLiveObjects: 0.475100 ms CreateObjectMapping: 0.259300 ms MarkObjects: 3.217200 ms  DeleteObjects: 0.030900 ms)

========================================================================
Received Import Request.
  Time since last request: 271.177454 seconds.
  path: Assets/Scripts/TimeAndDate.txt
  artifactKey: Guid(2c9c77d35f9a4d542968b7d6a88f6225) Importer(815301076,1909f56bfc062723c751e8b465ee728b)
Start importing Assets/Scripts/TimeAndDate.txt using Guid(2c9c77d35f9a4d542968b7d6a88f6225) Importer(815301076,1909f56bfc062723c751e8b465ee728b)  -> (artifact id: '3cc854bd563bd7cb21c08fe1fea6c698') in 0.022838 seconds
  Import took 0.037467 seconds .

========================================================================
Received Prepare
Registering precompiled user dll's ...
Registered in 0.008737 seconds.
Begin MonoManager ReloadAssembly
Native extension for WindowsStandalone target not found
Native extension for OSXStandalone target not found
Refreshing native plugins compatible for Editor in 7.07 ms, found 0 plugins.
Preloading 0 native plugins for Editor in 0.00 ms.
Invoked RoslynAnalysisRunner static constructor.
RoslynAnalysisRunner will not be running.
RoslynAnalysisRunner has terminated.
Mono: successfully reloaded assembly
- Completed reload, in  1.479 seconds
Platform modules already initialized, skipping
Shader 'Universal Render Pipeline/Particles/Lit': fallback shader 'Universal Render Pipeline/Particles/SimpleLit' not found
Refreshing native plugins compatible for Editor in 6.57 ms, found 0 plugins.
Preloading 0 native plugins for Editor in 0.00 ms.
Unloading 2586 Unused Serialized files (Serialized files now loaded: 0)
System memory in use before: 164.7 MB.
System memory in use after: 165.0 MB.

Unloading 8 unused Assets to reduce memory usage. Loaded Objects now: 3334.
Total: 4.868800 ms (FindLiveObjects: 0.500700 ms CreateObjectMapping: 0.231700 ms MarkObjects: 4.100700 ms  DeleteObjects: 0.034000 ms)

========================================================================
Received Prepare
Registering precompiled user dll's ...
Registered in 0.008769 seconds.
Begin MonoManager ReloadAssembly
Native extension for WindowsStandalone target not found
Native extension for OSXStandalone target not found
Refreshing native plugins compatible for Editor in 6.65 ms, found 0 plugins.
Preloading 0 native plugins for Editor in 0.00 ms.
Invoked RoslynAnalysisRunner static constructor.
RoslynAnalysisRunner will not be running.
RoslynAnalysisRunner has terminated.
Mono: successfully reloaded assembly
- Completed reload, in  1.552 seconds
Platform modules already initialized, skipping
Shader 'Universal Render Pipeline/Particles/Lit': fallback shader 'Universal Render Pipeline/Particles/SimpleLit' not found
Refreshing native plugins compatible for Editor in 6.47 ms, found 0 plugins.
Preloading 0 native plugins for Editor in 0.00 ms.
Unloading 2586 Unused Serialized files (Serialized files now loaded: 0)
System memory in use before: 164.7 MB.
System memory in use after: 165.0 MB.

Unloading 8 unused Assets to reduce memory usage. Loaded Objects now: 3337.
Total: 4.002200 ms (FindLiveObjects: 0.676100 ms CreateObjectMapping: 0.297400 ms MarkObjects: 2.999500 ms  DeleteObjects: 0.027400 ms)

========================================================================
Received Prepare
Registering precompiled user dll's ...
Registered in 0.007808 seconds.
Begin MonoManager ReloadAssembly
Native extension for WindowsStandalone target not found
Native extension for OSXStandalone target not found
Refreshing native plugins compatible for Editor in 6.51 ms, found 0 plugins.
Preloading 0 native plugins for Editor in 0.00 ms.
Invoked RoslynAnalysisRunner static constructor.
RoslynAnalysisRunner will not be running.
RoslynAnalysisRunner has terminated.
Mono: successfully reloaded assembly
- Completed reload, in  1.457 seconds
Platform modules already initialized, skipping
Shader 'Universal Render Pipeline/Particles/Lit': fallback shader 'Universal Render Pipeline/Particles/SimpleLit' not found
Refreshing native plugins compatible for Editor in 6.25 ms, found 0 plugins.
Preloading 0 native plugins for Editor in 0.00 ms.
Unloading 2586 Unused Serialized files (Serialized files now loaded: 0)
System memory in use before: 164.8 MB.
System memory in use after: 165.0 MB.

Unloading 8 unused Assets to reduce memory usage. Loaded Objects now: 3340.
Total: 3.714600 ms (FindLiveObjects: 0.462300 ms CreateObjectMapping: 0.229200 ms MarkObjects: 2.995400 ms  DeleteObjects: 0.025600 ms)

========================================================================
Received Prepare
Registering precompiled user dll's ...
Registered in 0.006821 seconds.
Begin MonoManager ReloadAssembly
Native extension for WindowsStandalone target not found
Native extension for OSXStandalone target not found
Refreshing native plugins compatible for Editor in 6.34 ms, found 0 plugins.
Preloading 0 native plugins for Editor in 0.00 ms.
Invoked RoslynAnalysisRunner static constructor.
RoslynAnalysisRunner will not be running.
RoslynAnalysisRunner has terminated.
Mono: successfully reloaded assembly
- Completed reload, in  1.495 seconds
Platform modules already initialized, skipping
Shader 'Universal Render Pipeline/Particles/Lit': fallback shader 'Universal Render Pipeline/Particles/SimpleLit' not found
Refreshing native plugins compatible for Editor in 6.32 ms, found 0 plugins.
Preloading 0 native plugins for Editor in 0.00 ms.
Unloading 2586 Unused Serialized files (Serialized files now loaded: 0)
System memory in use before: 164.8 MB.
System memory in use after: 165.0 MB.

Unloading 8 unused Assets to reduce memory usage. Loaded Objects now: 3343.
Total: 4.097200 ms (FindLiveObjects: 0.704200 ms CreateObjectMapping: 0.288800 ms MarkObjects: 3.075200 ms  DeleteObjects: 0.026400 ms)

